This is pdfTeX, Version 3.14159265-2.6-1.40.20 (TeX Live 2019/Debian) (preloaded format=pdflatex 2022.11.14)  14 NOV 2022 13:03
entering extended mode
 restricted \write18 enabled.
 %&-line parsing enabled.
**refman
(./refman.tex
LaTeX2e <2020-02-02> patch level 2
L3 programming layer <2020-02-14>
(/usr/share/texlive/texmf-dist/tex/latex/base/book.cls
Document Class: book 2019/12/20 v1.4l Standard LaTeX document class
(/usr/share/texlive/texmf-dist/tex/latex/base/bk10.clo
File: bk10.clo 2019/12/20 v1.4l Standard LaTeX file (size option)
)
\c@part=\count167
\c@chapter=\count168
\c@section=\count169
\c@subsection=\count170
\c@subsubsection=\count171
\c@paragraph=\count172
\c@subparagraph=\count173
\c@figure=\count174
\c@table=\count175
\abovecaptionskip=\skip47
\belowcaptionskip=\skip48
\bibindent=\dimen134
)
(/usr/share/texlive/texmf-dist/tex/latex/base/ifthen.sty
Package: ifthen 2014/09/29 v1.1c Standard LaTeX ifthen package (DPC)
)
(/usr/share/texlive/texmf-dist/tex/latex/tools/array.sty
Rollback for package 'array' requested -> date 2016-10-06.
         Best approximation is the release introduced on 2016-10-06.

(/usr/share/texlive/texmf-dist/tex/latex/tools/array-2016-10-06.sty
Package: array 2016/10/06 v2.4d Tabular extension package (FMi)
\col@sep=\dimen135
\extrarowheight=\dimen136
\NC@list=\toks14
\extratabsurround=\skip49
\backup@length=\skip50
))
(/usr/share/texlive/texmf-dist/tex/latex/base/fixltx2e.sty
Package: fixltx2e 2016/12/29 v2.1a fixes to LaTeX (obsolete)
Applying: [2015/01/01] Old fixltx2e package on input line 46.


Package fixltx2e Warning: fixltx2e is not required with releases after 2015
(fixltx2e)                All fixes are now in the LaTeX kernel.
(fixltx2e)                See the latexrelease package for details.

Already applied: [0000/00/00] Old fixltx2e package on input line 53.
) (./doxygen.sty
Package: doxygen 
 (/usr/share/texlive/texmf-dist/tex/latex/base/alltt.sty
Package: alltt 1997/06/16 v2.0g defines alltt environment
)
(/usr/share/texlive/texmf-dist/tex/latex/tools/calc.sty
Package: calc 2017/05/25 v4.3 Infix arithmetic (KKT,FJ)
\calc@Acount=\count176
\calc@Bcount=\count177
\calc@Adimen=\dimen137
\calc@Bdimen=\dimen138
\calc@Askip=\skip51
\calc@Bskip=\skip52
LaTeX Info: Redefining \setlength on input line 80.
LaTeX Info: Redefining \addtolength on input line 81.
\calc@Ccount=\count178
\calc@Cskip=\skip53
)
(/usr/share/texlive/texmf-dist/tex/latex/float/float.sty
Package: float 2001/11/08 v1.3d Float enhancements (AL)
\c@float@type=\count179
\float@exts=\toks15
\float@box=\box45
\@float@everytoks=\toks16
\@floatcapt=\box46
)
(/usr/share/texlive/texmf-dist/tex/latex/tools/verbatim.sty
Package: verbatim 2019/11/10 v1.5r LaTeX2e package for verbatim enhancements
\every@verbatim=\toks17
\verbatim@line=\toks18
\verbatim@in@stream=\read2
)
(/usr/share/texlive/texmf-dist/tex/latex/xcolor/xcolor.sty
Package: xcolor 2016/05/11 v2.12 LaTeX color extensions (UK)

(/usr/share/texlive/texmf-dist/tex/latex/graphics-cfg/color.cfg
File: color.cfg 2016/01/02 v1.6 sample color configuration
)
Package xcolor Info: Driver file: pdftex.def on input line 225.

(/usr/share/texlive/texmf-dist/tex/latex/graphics-def/pdftex.def
File: pdftex.def 2018/01/08 v1.0l Graphics/color driver for pdftex
)
(/usr/share/texlive/texmf-dist/tex/latex/colortbl/colortbl.sty
Package: colortbl 2020/01/04 v1.0e Color table columns (DPC)
\everycr=\toks19
\minrowclearance=\skip54
)
\rownum=\count180
Package xcolor Info: Model `cmy' substituted by `cmy0' on input line 1348.
Package xcolor Info: Model `hsb' substituted by `rgb' on input line 1352.
Package xcolor Info: Model `RGB' extended on input line 1364.
Package xcolor Info: Model `HTML' substituted by `rgb' on input line 1366.
Package xcolor Info: Model `Hsb' substituted by `hsb' on input line 1367.
Package xcolor Info: Model `tHsb' substituted by `hsb' on input line 1368.
Package xcolor Info: Model `HSB' substituted by `hsb' on input line 1369.
Package xcolor Info: Model `Gray' substituted by `gray' on input line 1370.
Package xcolor Info: Model `wave' substituted by `hsb' on input line 1371.
)
(./longtable_doxygen.sty
Package: longtable_doxygen 2014/10/28 v4.11 Multi-page Table package (DPC) - fr
ozen version for doxygen
\LTleft=\skip55
\LTright=\skip56
\LTpre=\skip57
\LTpost=\skip58
\LTchunksize=\count181
\LTcapwidth=\dimen139
\LT@head=\box47
\LT@firsthead=\box48
\LT@foot=\box49
\LT@lastfoot=\box50
\LT@cols=\count182
\LT@rows=\count183
\c@LT@tables=\count184
\c@LT@chunks=\count185
\LT@p@ftn=\toks20
) (./tabu_doxygen.sty
Package: tabu_doxygen 2011/02/26 v2.8 - flexible LaTeX tabulars (FC), frozen ve
rsion for doxygen

(/usr/share/texlive/texmf-dist/tex/latex/varwidth/varwidth.sty
Package: varwidth 2009/03/30 ver 0.92;  Variable-width minipages
\@vwid@box=\box51
\sift@deathcycles=\count186
\@vwid@loff=\dimen140
\@vwid@roff=\dimen141
)
\c@taburow=\count187
\tabu@nbcols=\count188
\tabu@cnt=\count189
\tabu@Xcol=\count190
\tabu@alloc=\count191
\tabu@nested=\count192
\tabu@target=\dimen142
\tabu@spreadtarget=\dimen143
\tabu@naturalX=\dimen144
\tabucolX=\dimen145
\tabu@Xsum=\dimen146
\extrarowdepth=\dimen147
\abovetabulinesep=\dimen148
\belowtabulinesep=\dimen149
\tabustrutrule=\dimen150
\tabu@thebody=\toks21
\tabu@footnotes=\toks22
\tabu@box=\box52
\tabu@arstrutbox=\box53
\tabu@hleads=\box54
\tabu@vleads=\box55
\tabu@cellskip=\skip59
)
(/usr/share/texlive/texmf-dist/tex/latex/fancyvrb/fancyvrb.sty
Package: fancyvrb 2020/01/13 v3.5 verbatim text (tvz,hv)

(/usr/share/texlive/texmf-dist/tex/latex/graphics/keyval.sty
Package: keyval 2014/10/28 v1.15 key=value parser (DPC)
\KV@toks@=\toks23
)
\FV@CodeLineNo=\count193
\FV@InFile=\read3
\FV@TabBox=\box56
\c@FancyVerbLine=\count194
\FV@StepNumber=\count195
\FV@OutFile=\write3
)
(/usr/share/texlive/texmf-dist/tex/latex/tools/tabularx.sty
Package: tabularx 2020/01/15 v2.11c `tabularx' package (DPC)
\TX@col@width=\dimen151
\TX@old@table=\dimen152
\TX@old@col=\dimen153
\TX@target=\dimen154
\TX@delta=\dimen155
\TX@cols=\count196
\TX@ftn=\toks24
)
(/usr/share/texlive/texmf-dist/tex/latex/tools/multicol.sty
Package: multicol 2019/12/09 v1.8y multicolumn formatting (FMi)
\c@tracingmulticols=\count197
\mult@box=\box57
\multicol@leftmargin=\dimen156
\c@unbalance=\count198
\c@collectmore=\count199
\doublecol@number=\count266
\multicoltolerance=\count267
\multicolpretolerance=\count268
\full@width=\dimen157
\page@free=\dimen158
\premulticols=\dimen159
\postmulticols=\dimen160
\multicolsep=\skip60
\multicolbaselineskip=\skip61
\partial@page=\box58
\last@line=\box59
\maxbalancingoverflow=\dimen161
\mult@rightbox=\box60
\mult@grightbox=\box61
\mult@gfirstbox=\box62
\mult@firstbox=\box63
\@tempa=\box64
\@tempa=\box65
\@tempa=\box66
\@tempa=\box67
\@tempa=\box68
\@tempa=\box69
\@tempa=\box70
\@tempa=\box71
\@tempa=\box72
\@tempa=\box73
\@tempa=\box74
\@tempa=\box75
\@tempa=\box76
\@tempa=\box77
\@tempa=\box78
\@tempa=\box79
\@tempa=\box80
\@tempa=\box81
\@tempa=\box82
\@tempa=\box83
\@tempa=\box84
\@tempa=\box85
\@tempa=\box86
\@tempa=\box87
\@tempa=\box88
\@tempa=\box89
\@tempa=\box90
\@tempa=\box91
\@tempa=\box92
\@tempa=\box93
\@tempa=\box94
\@tempa=\box95
\@tempa=\box96
\@tempa=\box97
\@tempa=\box98
\@tempa=\box99
\@tempa=\box100
\c@minrows=\count269
\c@columnbadness=\count270
\c@finalcolumnbadness=\count271
\last@try=\dimen162
\multicolovershoot=\dimen163
\multicolundershoot=\dimen164
\mult@nat@firstbox=\box101
\colbreak@box=\box102
\mc@col@check@num=\count272
)
(/usr/share/texlive/texmf-dist/tex/latex/multirow/multirow.sty
Package: multirow 2019/05/31 v2.5 Span multiple rows of a table
\multirow@colwidth=\skip62
\multirow@cntb=\count273
\multirow@dima=\skip63
\bigstrutjot=\dimen165
)
(/usr/share/texlive/texmf-dist/tex/latex/hanging/hanging.sty
Package: hanging 2009/09/02 v1.2b hanging paragraphs and punctuation
\h@ngcommawd=\skip64
\h@ngfstopwd=\skip65
\h@ngquotewd=\skip66
\h@ngdquotewd=\skip67
\h@ngquerywd=\skip68
\h@ngexclwd=\skip69
\h@ngcolonwd=\skip70
\h@ngscolonwd=\skip71
)
(/usr/share/texlive/texmf-dist/tex/generic/iftex/ifpdf.sty
Package: ifpdf 2019/10/25 v3.4 ifpdf legacy package. Use iftex instead.

(/usr/share/texlive/texmf-dist/tex/generic/iftex/iftex.sty
Package: iftex 2019/11/07 v1.0c TeX engine tests
))
(/usr/share/texlive/texmf-dist/tex/latex/adjustbox/adjustbox.sty
Package: adjustbox 2019/01/04 v1.2 Adjusting TeX boxes (trim, clip, ...)

(/usr/share/texlive/texmf-dist/tex/latex/xkeyval/xkeyval.sty
Package: xkeyval 2014/12/03 v2.7a package option processing (HA)

(/usr/share/texlive/texmf-dist/tex/generic/xkeyval/xkeyval.tex
(/usr/share/texlive/texmf-dist/tex/generic/xkeyval/xkvutils.tex
\XKV@toks=\toks25
\XKV@tempa@toks=\toks26
)
\XKV@depth=\count274
File: xkeyval.tex 2014/12/03 v2.7a key=value parser (HA)
))
(/usr/share/texlive/texmf-dist/tex/latex/adjustbox/adjcalc.sty
Package: adjcalc 2012/05/16 v1.1 Provides advanced setlength with multiple back
-ends (calc, etex, pgfmath)
)
(/usr/share/texlive/texmf-dist/tex/latex/adjustbox/trimclip.sty
Package: trimclip 2018/04/08 v1.1 Trim and clip general TeX material

(/usr/share/texlive/texmf-dist/tex/latex/graphics/graphicx.sty
Package: graphicx 2019/11/30 v1.2a Enhanced LaTeX Graphics (DPC,SPQR)

(/usr/share/texlive/texmf-dist/tex/latex/graphics/graphics.sty
Package: graphics 2019/11/30 v1.4a Standard LaTeX Graphics (DPC,SPQR)

(/usr/share/texlive/texmf-dist/tex/latex/graphics/trig.sty
Package: trig 2016/01/03 v1.10 sin cos tan (DPC)
)
(/usr/share/texlive/texmf-dist/tex/latex/graphics-cfg/graphics.cfg
File: graphics.cfg 2016/06/04 v1.11 sample graphics configuration
)
Package graphics Info: Driver file: pdftex.def on input line 105.
)
\Gin@req@height=\dimen166
\Gin@req@width=\dimen167
)
(/usr/share/texlive/texmf-dist/tex/latex/collectbox/collectbox.sty
Package: collectbox 2012/05/17 v0.4b Collect macro arguments as boxes
\collectedbox=\box103
)
\tc@llx=\dimen168
\tc@lly=\dimen169
\tc@urx=\dimen170
\tc@ury=\dimen171
Package trimclip Info: Using driver 'tc-pdftex.def'.

(/usr/share/texlive/texmf-dist/tex/latex/adjustbox/tc-pdftex.def
File: tc-pdftex.def 2019/01/04 v2.2 Clipping driver for pdftex
))
\adjbox@Width=\dimen172
\adjbox@Height=\dimen173
\adjbox@Depth=\dimen174
\adjbox@Totalheight=\dimen175
\adjbox@pwidth=\dimen176
\adjbox@pheight=\dimen177
\adjbox@pdepth=\dimen178
\adjbox@ptotalheight=\dimen179

(/usr/share/texlive/texmf-dist/tex/latex/ifoddpage/ifoddpage.sty
Package: ifoddpage 2016/04/23 v1.1 Conditionals for odd/even page detection
\c@checkoddpage=\count275
))
(/usr/share/texlive/texmf-dist/tex/latex/amsfonts/amssymb.sty
Package: amssymb 2013/01/14 v3.01 AMS font symbols

(/usr/share/texlive/texmf-dist/tex/latex/amsfonts/amsfonts.sty
Package: amsfonts 2013/01/14 v3.01 Basic AMSFonts support
\@emptytoks=\toks27
\symAMSa=\mathgroup4
\symAMSb=\mathgroup5
LaTeX Font Info:    Redeclaring math symbol \hbar on input line 98.
LaTeX Font Info:    Overwriting math alphabet `\mathfrak' in version `bold'
(Font)                  U/euf/m/n --> U/euf/b/n on input line 106.
))
(/usr/share/texlive/texmf-dist/tex/latex/stackengine/stackengine.sty
Package: stackengine 2017/02/13 v4.01\ Stacking text and objects in convenient 
ways

(/usr/share/texlive/texmf-dist/tex/latex/etoolbox/etoolbox.sty
Package: etoolbox 2019/09/21 v2.5h e-TeX tools for LaTeX (JAW)
\etb@tempcnta=\count276
)
(/usr/share/texlive/texmf-dist/tex/generic/listofitems/listofitems.sty
(/usr/share/texlive/texmf-dist/tex/generic/listofitems/listofitems.tex
\loi_cnt_foreach_nest=\count277
\loi_nestcnt=\count278
)
Package: listofitems 2019/08/21 v1.63 Grab items in lists using user-specified 
sep char (CT)
)
\c@@stackindex=\count279
\@boxshift=\skip72
\stack@tmplength=\skip73
\temp@stkl=\skip74
\@stackedboxwidth=\skip75
\@addedbox=\box104
\@anchorbox=\box105
\stackedbox=\box106
\@centerbox=\box107
\c@ROWcellindex@=\count280
)
(/usr/share/texlive/texmf-dist/tex/latex/enumitem/enumitem.sty
Package: enumitem 2019/06/20 v3.9 Customized lists
\labelindent=\skip76
\enit@outerparindent=\dimen180
\enit@toks=\toks28
\enit@inbox=\box108
\enit@count@id=\count281
\enitdp@description=\count282
)
(/usr/share/texlive/texmf-dist/tex/generic/alphalph/alphalph.sty
Package: alphalph 2019/12/09 v2.6 Convert numbers to letters (HO)

(/usr/share/texlive/texmf-dist/tex/generic/infwarerr/infwarerr.sty
Package: infwarerr 2019/12/03 v1.5 Providing info/warning/error messages (HO)
)
(/usr/share/texlive/texmf-dist/tex/generic/intcalc/intcalc.sty
Package: intcalc 2019/12/15 v1.3 Expandable calculations with integers (HO)
))
(/usr/share/texlive/texmf-dist/tex/generic/ulem/ulem.sty
\UL@box=\box109
\UL@hyphenbox=\box110
\UL@skip=\skip77
\UL@hook=\toks29
\UL@height=\dimen181
\UL@pe=\count283
\UL@pixel=\dimen182
\ULC@box=\box111
Package: ulem 2019/11/18
\ULdepth=\dimen183
)
\xrefbox=\box112
\xreflength=\skip78
\CodeWidthChar=\skip79
\CodeHeightChar=\skip80
\DoxyCodeWidth=\skip81
\c@DoxyEnumeratei=\count284
\c@DoxyEnumerateii=\count285
\c@DoxyEnumerateiii=\count286
\c@DoxyEnumerateiv=\count287
\c@DoxyEnumeratev=\count288
\c@DoxyEnumeratevi=\count289
\c@DoxyEnumeratevii=\count290
\c@DoxyEnumerateviii=\count291
\c@DoxyEnumerateix=\count292
\c@DoxyEnumeratex=\count293
\c@DoxyEnumeratexi=\count294
\c@DoxyEnumeratexii=\count295
\enitdp@DoxyEnumerate=\count296
\enitdp@DoxyItemize=\count297
)
(/usr/share/texlive/texmf-dist/tex/latex/base/inputenc.sty
Package: inputenc 2018/08/11 v1.3c Input encoding file
\inpenc@prehook=\toks30
\inpenc@posthook=\toks31
)
(/usr/share/texlive/texmf-dist/tex/latex/base/makeidx.sty
Package: makeidx 2014/09/29 v1.0m Standard LaTeX package
)
(/usr/share/texlive/texmf-dist/tex/latex/base/textcomp.sty
Package: textcomp 2020/02/02 v2.0n Standard LaTeX package
)
(/usr/share/texlive/texmf-dist/tex/latex/wasysym/wasysym.sty
Package: wasysym 2020/01/19 v2.4 Wasy-2 symbol support package
\symwasy=\mathgroup6
LaTeX Font Info:    Overwriting symbol font `wasy' in version `bold'
(Font)                  U/wasy/m/n --> U/wasy/b/n on input line 93.
)
(/usr/share/texlive/texmf-dist/tex/generic/iftex/ifxetex.sty
Package: ifxetex 2019/10/25 v0.7 ifxetex legacy package. Use iftex instead.
)
(/usr/share/texlive/texmf-dist/tex/latex/base/fontenc.sty
Package: fontenc 2020/02/11 v2.0o Standard LaTeX package
)
(/usr/share/texlive/texmf-dist/tex/latex/psnfss/helvet.sty
Package: helvet 2005/04/12 PSNFSS-v9.2a (WaS) 
)
(/usr/share/texlive/texmf-dist/tex/latex/psnfss/courier.sty
Package: courier 2005/04/12 PSNFSS-v9.2a (WaS) 
)
(/usr/share/texlive/texmf-dist/tex/latex/sectsty/sectsty.sty
Package: sectsty 2002/02/25 v2.0.2 Commands to change all sectional heading sty
les


LaTeX Warning: Command \underbar  has changed.
               Check if current package is valid.


LaTeX Warning: Command \underline  has changed.
               Check if current package is valid.

) (/usr/share/texlive/texmf-dist/tex/latex/geometry/geometry.sty
Package: geometry 2020/01/02 v5.9 Page Geometry

(/usr/share/texlive/texmf-dist/tex/generic/iftex/ifvtex.sty
Package: ifvtex 2019/10/25 v1.7 ifvtex legacy package. Use iftex instead.
)
\Gm@cnth=\count298
\Gm@cntv=\count299
\c@Gm@tempcnt=\count300
\Gm@bindingoffset=\dimen184
\Gm@wd@mp=\dimen185
\Gm@odd@mp=\dimen186
\Gm@even@mp=\dimen187
\Gm@layoutwidth=\dimen188
\Gm@layoutheight=\dimen189
\Gm@layouthoffset=\dimen190
\Gm@layoutvoffset=\dimen191
\Gm@dimlist=\toks32
)
(/usr/share/texlive/texmf-dist/tex/latex/changepage/changepage.sty
Package: changepage 2009/10/20 v1.0c check page and change page layout
\c@cp@cntr=\count301
\cp@tempcnt=\count302
LaTeX Info: Redefining \checkoddpage on input line 59.
)
(/usr/share/texlive/texmf-dist/tex/latex/fancyhdr/fancyhdr.sty
Package: fancyhdr 2019/01/31 v3.10 Extensive control of page headers and footer
s
\f@nch@headwidth=\skip82
\f@nch@O@elh=\skip83
\f@nch@O@erh=\skip84
\f@nch@O@olh=\skip85
\f@nch@O@orh=\skip86
\f@nch@O@elf=\skip87
\f@nch@O@erf=\skip88
\f@nch@O@olf=\skip89
\f@nch@O@orf=\skip90
)
(/usr/share/texlive/texmf-dist/tex/latex/natbib/natbib.sty
Package: natbib 2010/09/13 8.31b (PWD, AO)
\bibhang=\skip91
\bibsep=\skip92
LaTeX Info: Redefining \cite on input line 694.
\c@NAT@ctr=\count303
)
(/usr/share/texlive/texmf-dist/tex/latex/tocloft/tocloft.sty
Package: tocloft 2017/08/31 v2.3i parameterised ToC, etc., typesetting
Package tocloft Info: The document has chapter divisions on input line 51.
\cftparskip=\skip93
\cftbeforetoctitleskip=\skip94
\cftaftertoctitleskip=\skip95
\cftbeforepartskip=\skip96
\cftpartnumwidth=\skip97
\cftpartindent=\skip98
\cftbeforechapskip=\skip99
\cftchapindent=\skip100
\cftchapnumwidth=\skip101
\cftbeforesecskip=\skip102
\cftsecindent=\skip103
\cftsecnumwidth=\skip104
\cftbeforesubsecskip=\skip105
\cftsubsecindent=\skip106
\cftsubsecnumwidth=\skip107
\cftbeforesubsubsecskip=\skip108
\cftsubsubsecindent=\skip109
\cftsubsubsecnumwidth=\skip110
\cftbeforeparaskip=\skip111
\cftparaindent=\skip112
\cftparanumwidth=\skip113
\cftbeforesubparaskip=\skip114
\cftsubparaindent=\skip115
\cftsubparanumwidth=\skip116
\cftbeforeloftitleskip=\skip117
\cftafterloftitleskip=\skip118
\cftbeforefigskip=\skip119
\cftfigindent=\skip120
\cftfignumwidth=\skip121
\c@lofdepth=\count304
\c@lotdepth=\count305
\cftbeforelottitleskip=\skip122
\cftafterlottitleskip=\skip123
\cftbeforetabskip=\skip124
\cfttabindent=\skip125
\cfttabnumwidth=\skip126
)
\@indexfile=\write4
\openout4 = `refman.idx'.


Writing index file refman.idx
(/usr/share/texlive/texmf-dist/tex/latex/newunicodechar/newunicodechar.sty
Package: newunicodechar 2018/04/08 v1.2 Defining Unicode characters
)

Package newunicodechar Warning: Redefining Unicode character on input line 117.



Package newunicodechar Warning: Redefining Unicode character on input line 118.


(/usr/share/texlive/texmf-dist/tex/latex/hyperref/hyperref.sty
Package: hyperref 2020/01/14 v7.00d Hypertext links for LaTeX

(/usr/share/texlive/texmf-dist/tex/generic/ltxcmds/ltxcmds.sty
Package: ltxcmds 2019/12/15 v1.24 LaTeX kernel commands for general use (HO)
)
(/usr/share/texlive/texmf-dist/tex/latex/pdftexcmds/pdftexcmds.sty
Package: pdftexcmds 2019/11/24 v0.31 Utility functions of pdfTeX for LuaTeX (HO
)
Package pdftexcmds Info: \pdf@primitive is available.
Package pdftexcmds Info: \pdf@ifprimitive is available.
Package pdftexcmds Info: \pdfdraftmode found.
)
(/usr/share/texlive/texmf-dist/tex/generic/kvsetkeys/kvsetkeys.sty
Package: kvsetkeys 2019/12/15 v1.18 Key value parser (HO)
)
(/usr/share/texlive/texmf-dist/tex/generic/kvdefinekeys/kvdefinekeys.sty
Package: kvdefinekeys 2019-12-19 v1.6 Define keys (HO)
)
(/usr/share/texlive/texmf-dist/tex/generic/pdfescape/pdfescape.sty
Package: pdfescape 2019/12/09 v1.15 Implements pdfTeX's escape features (HO)
)
(/usr/share/texlive/texmf-dist/tex/latex/hycolor/hycolor.sty
Package: hycolor 2020-01-27 v1.10 Color options for hyperref/bookmark (HO)
)
(/usr/share/texlive/texmf-dist/tex/latex/letltxmacro/letltxmacro.sty
Package: letltxmacro 2019/12/03 v1.6 Let assignment for LaTeX macros (HO)
)
(/usr/share/texlive/texmf-dist/tex/latex/auxhook/auxhook.sty
Package: auxhook 2019-12-17 v1.6 Hooks for auxiliary files (HO)
)
(/usr/share/texlive/texmf-dist/tex/latex/kvoptions/kvoptions.sty
Package: kvoptions 2019/11/29 v3.13 Key value format for package options (HO)
)
\@linkdim=\dimen192
\Hy@linkcounter=\count306
\Hy@pagecounter=\count307

(/usr/share/texlive/texmf-dist/tex/latex/hyperref/pd1enc.def
File: pd1enc.def 2020/01/14 v7.00d Hyperref: PDFDocEncoding definition (HO)
Now handling font encoding PD1 ...
... no UTF-8 mapping file for font encoding PD1
)
(/usr/share/texlive/texmf-dist/tex/generic/etexcmds/etexcmds.sty
Package: etexcmds 2019/12/15 v1.7 Avoid name clashes with e-TeX commands (HO)
)
\Hy@SavedSpaceFactor=\count308
\pdfmajorversion=\count309
Package hyperref Info: Hyper figures OFF on input line 4547.
Package hyperref Info: Link nesting OFF on input line 4552.
Package hyperref Info: Hyper index ON on input line 4555.
Package hyperref Info: Plain pages OFF on input line 4562.
Package hyperref Info: Backreferencing ON on input line 4565.
Package hyperref Info: Implicit mode ON; LaTeX internals redefined.
Package hyperref Info: Bookmarks ON on input line 4800.

(/usr/share/texlive/texmf-dist/tex/latex/hyperref/backref.sty
Package: backref 2020/01/14 v1.40 Bibliographical back referencing

(/usr/share/texlive/texmf-dist/tex/latex/rerunfilecheck/rerunfilecheck.sty
Package: rerunfilecheck 2019/12/05 v1.9 Rerun checks for auxiliary files (HO)

(/usr/share/texlive/texmf-dist/tex/latex/atveryend/atveryend.sty
Package: atveryend 2019-12-11 v1.11 Hooks at the very end of document (HO)
)
(/usr/share/texlive/texmf-dist/tex/generic/uniquecounter/uniquecounter.sty
Package: uniquecounter 2019/12/15 v1.4 Provide unlimited unique counter (HO)

(/usr/share/texlive/texmf-dist/tex/generic/bigintcalc/bigintcalc.sty
Package: bigintcalc 2019/12/15 v1.5 Expandable calculations on big integers (HO
)
))
Package uniquecounter Info: New unique counter `rerunfilecheck' on input line 2
86.
))
\c@Hy@tempcnt=\count310

(/usr/share/texlive/texmf-dist/tex/latex/url/url.sty
\Urlmuskip=\muskip16
Package: url 2013/09/16  ver 3.4  Verb mode for urls, etc.
)
LaTeX Info: Redefining \url on input line 5159.
\XeTeXLinkMargin=\dimen193

(/usr/share/texlive/texmf-dist/tex/generic/bitset/bitset.sty
Package: bitset 2019/12/09 v1.3 Handle bit-vector datatype (HO)
)
\Fld@menulength=\count311
\Field@Width=\dimen194
\Fld@charsize=\dimen195
Package hyperref Info: Hyper figures OFF on input line 6430.
Package hyperref Info: Link nesting OFF on input line 6435.
Package hyperref Info: Hyper index ON on input line 6438.
Package hyperref Info: backreferencing ON on input line 6443.
Package hyperref Info: Link coloring OFF on input line 6450.
Package hyperref Info: Link coloring with OCG OFF on input line 6455.
Package hyperref Info: PDF/A mode OFF on input line 6460.
LaTeX Info: Redefining \ref on input line 6500.
LaTeX Info: Redefining \pageref on input line 6504.

(/usr/share/texlive/texmf-dist/tex/generic/atbegshi/atbegshi.sty
Package: atbegshi 2019/12/05 v1.19 At begin shipout hook (HO)
)
\Hy@abspage=\count312
\c@Item=\count313
\c@Hfootnote=\count314
)
Package hyperref Info: Driver: hpdftex.

(/usr/share/texlive/texmf-dist/tex/latex/hyperref/hpdftex.def
File: hpdftex.def 2020/01/14 v7.00d Hyperref driver for pdfTeX
\Fld@listcount=\count315
\c@bookmark@seq@number=\count316
\Hy@SectionHShift=\skip127
)
Package hyperref Info: Option `colorlinks' set `true' on input line 137.
Package hyperref Info: Option `unicode' set `true' on input line 137.

(/usr/share/texlive/texmf-dist/tex/latex/hyperref/puenc.def
File: puenc.def 2020/01/14 v7.00d Hyperref: PDF Unicode definition (HO)
Now handling font encoding PU ...
... no UTF-8 mapping file for font encoding PU
)
(/usr/share/texlive/texmf-dist/tex/latex/caption/caption.sty
Package: caption 2020/01/03 v3.4h Customizing captions (AR)

(/usr/share/texlive/texmf-dist/tex/latex/caption/caption3.sty
Package: caption3 2020/01/03 v1.8h caption3 kernel (AR)
Package caption3 Info: TeX engine: e-TeX on input line 61.
\captionmargin=\dimen196
\captionmargin@=\dimen197
\captionwidth=\dimen198
\caption@tempdima=\dimen199
\caption@indent=\dimen256
\caption@parindent=\dimen257
\caption@hangindent=\dimen258
Package caption Info: Standard document class detected.
)
\c@caption@flags=\count317
\c@continuedfloat=\count318
Package caption Info: float package is loaded.
Package caption Info: hyperref package is loaded.
Package caption Info: longtable package is loaded.

(/usr/share/texlive/texmf-dist/tex/latex/caption/ltcaption.sty
Package: ltcaption 2018/08/26 v1.4a longtable captions (AR)
))
(/usr/share/texlive/texmf-dist/tex/latex/etoc/etoc.sty
Package: etoc 2019/11/17 v1.09b Completely customisable TOCs (JFB)
\Etoc@toctoks=\toks33
\c@etoc@tocid=\count319
\c@etoc@tocdepth=\count320
\etoc@framed@titlebox=\box113
\etoc@framed@contentsbox=\box114
)
(/usr/share/texlive/texmf-dist/tex/latex/l3backend/l3backend-pdfmode.def
File: l3backend-pdfmode.def 2020-02-03 L3 backend support: PDF mode
\l__kernel_color_stack_int=\count321
\l__pdf_internal_box=\box115
)
(./refman.aux)
\openout1 = `refman.aux'.

LaTeX Font Info:    Checking defaults for OML/cmm/m/it on input line 153.
LaTeX Font Info:    ... okay on input line 153.
LaTeX Font Info:    Checking defaults for OMS/cmsy/m/n on input line 153.
LaTeX Font Info:    ... okay on input line 153.
LaTeX Font Info:    Checking defaults for OT1/cmr/m/n on input line 153.
LaTeX Font Info:    ... okay on input line 153.
LaTeX Font Info:    Checking defaults for T1/cmr/m/n on input line 153.
LaTeX Font Info:    ... okay on input line 153.
LaTeX Font Info:    Checking defaults for TS1/cmr/m/n on input line 153.
LaTeX Font Info:    ... okay on input line 153.
LaTeX Font Info:    Checking defaults for OMX/cmex/m/n on input line 153.
LaTeX Font Info:    ... okay on input line 153.
LaTeX Font Info:    Checking defaults for U/cmr/m/n on input line 153.
LaTeX Font Info:    ... okay on input line 153.
LaTeX Font Info:    Checking defaults for PD1/pdf/m/n on input line 153.
LaTeX Font Info:    ... okay on input line 153.
LaTeX Font Info:    Checking defaults for PU/pdf/m/n on input line 153.
LaTeX Font Info:    ... okay on input line 153.
LaTeX Font Info:    Trying to load font information for T1+phv on input line 15
3.
 (/usr/share/texlive/texmf-dist/tex/latex/psnfss/t1phv.fd
File: t1phv.fd 2001/06/04 scalable font definitions for T1/phv.
)
LaTeX Font Info:    Font shape `T1/phv/m/n' will be
(Font)              scaled to size 8.99994pt on input line 153.

(/usr/share/texlive/texmf-dist/tex/context/base/mkii/supp-pdf.mkii
[Loading MPS to PDF converter (version 2006.09.02).]
\scratchcounter=\count322
\scratchdimen=\dimen259
\scratchbox=\box116
\nofMPsegments=\count323
\nofMParguments=\count324
\everyMPshowfont=\toks34
\MPscratchCnt=\count325
\MPscratchDim=\dimen260
\MPnumerator=\count326
\makeMPintoPDFobject=\count327
\everyMPtoPDFconversion=\toks35
) (/usr/share/texlive/texmf-dist/tex/latex/epstopdf-pkg/epstopdf-base.sty
Package: epstopdf-base 2020-01-24 v2.11 Base part for package epstopdf
Package epstopdf-base Info: Redefining graphics rule for `.eps' on input line 4
85.

(/usr/share/texlive/texmf-dist/tex/latex/latexconfig/epstopdf-sys.cfg
File: epstopdf-sys.cfg 2010/07/13 v1.3 Configuration of (r)epstopdf for TeX Liv
e
))
*geometry* driver: auto-detecting
*geometry* detected driver: pdftex
*geometry* verbose mode - [ preamble ] result:
* driver: pdftex
* paper: a4paper
* layout: <same size as paper>
* layoutoffset:(h,v)=(0.0pt,0.0pt)
* modes: twoside 
* h-part:(L,W,R)=(71.13188pt, 455.24411pt, 71.13188pt)
* v-part:(T,H,B)=(71.13188pt, 702.78308pt, 71.13188pt)
* \paperwidth=597.50787pt
* \paperheight=845.04684pt
* \textwidth=455.24411pt
* \textheight=702.78308pt
* \oddsidemargin=-1.1381pt
* \evensidemargin=-1.1381pt
* \topmargin=-31.2056pt
* \headheight=12.0pt
* \headsep=18.06749pt
* \topskip=10.0pt
* \footskip=25.29494pt
* \marginparwidth=125.0pt
* \marginparsep=7.0pt
* \columnsep=10.0pt
* \skip\footins=9.0pt plus 4.0pt minus 2.0pt
* \hoffset=0.0pt
* \voffset=0.0pt
* \mag=1000
* \@twocolumnfalse
* \@twosidetrue
* \@mparswitchtrue
* \@reversemarginfalse
* (1in=72.27pt=25.4mm, 1cm=28.453pt)

Package backref Info: ** backref set up for natbib ** on input line 153.
\AtBeginShipoutBox=\box117
Package hyperref Info: Link coloring ON on input line 153.
(/usr/share/texlive/texmf-dist/tex/latex/hyperref/nameref.sty
Package: nameref 2019/09/16 v2.46 Cross-referencing by name of section

(/usr/share/texlive/texmf-dist/tex/latex/refcount/refcount.sty
Package: refcount 2019/12/15 v3.6 Data extraction from label references (HO)
)
(/usr/share/texlive/texmf-dist/tex/generic/gettitlestring/gettitlestring.sty
Package: gettitlestring 2019/12/15 v1.6 Cleanup title references (HO)
)
\c@section@level=\count328
)
LaTeX Info: Redefining \ref on input line 153.
LaTeX Info: Redefining \pageref on input line 153.
LaTeX Info: Redefining \nameref on input line 153.

(./refman.out) (./refman.out)
\@outlinefile=\write5
\openout5 = `refman.out'.

Package caption Info: Begin \AtBeginDocument code.
Package caption Info: End \AtBeginDocument code.
\Etoc@tf=\read4
Package hyperref Info: Option `pageanchor' set `false' on input line 161.
Package hyperref Info: Option `bookmarksnumbered' set `true' on input line 161.

Package hyperref Info: Option `unicode' set `true' on input line 161.
LaTeX Font Info:    Font shape `T1/phv/m/n' will be
(Font)              scaled to size 12.9599pt on input line 166.
LaTeX Font Info:    Font shape `T1/phv/m/n' will be
(Font)              scaled to size 10.79993pt on input line 167.
LaTeX Font Info:    Font shape `T1/phv/m/n' will be
(Font)              scaled to size 6.29996pt on input line 167.
LaTeX Font Info:    Trying to load font information for U+msa on input line 167
.

(/usr/share/texlive/texmf-dist/tex/latex/amsfonts/umsa.fd
File: umsa.fd 2013/01/14 v3.01 AMS symbols A
)
LaTeX Font Info:    Trying to load font information for U+msb on input line 167
.

(/usr/share/texlive/texmf-dist/tex/latex/amsfonts/umsb.fd
File: umsb.fd 2013/01/14 v3.01 AMS symbols B
)
LaTeX Font Info:    Trying to load font information for U+wasy on input line 16
7.

(/usr/share/texlive/texmf-dist/tex/latex/wasysym/uwasy.fd
File: uwasy.fd 2020/01/19 v2.4 Wasy-2 symbol font definitions
) [1


{/var/lib/texmf/fonts/map/pdftex/updmap/pdftex.map}] [2

]
\tf@toc=\write6
\openout6 = `refman.toc'.

LaTeX Font Info:    Font shape `T1/phv/b/n' will be
(Font)              scaled to size 8.99994pt on input line 175.
LaTeX Font Info:    Font shape `T1/phv/b/n' will be
(Font)              scaled to size 6.29996pt on input line 175.
 [1] [2] [3] [4] [5] [6] [7] [8] [9]
[10] [11] [12] [13] [14] [15] [16] [17] [18] [19] [20] [21] [22] [23] [24]
[25] [26] [27] [28] [29] [30] [31] [32] [33] [34] [35] [36] [37] [38] [39]
[40]
Package hyperref Info: Option `pageanchor' set `true' on input line 178.

Chapter 1.
LaTeX Font Info:    Font shape `T1/phv/m/n' will be
(Font)              scaled to size 18.66588pt on input line 180.
LaTeX Font Info:    Font shape `T1/phv/b/n' will be
(Font)              scaled to size 18.66588pt on input line 180.
LaTeX Font Info:    Font shape `T1/phv/bc/n' will be
(Font)              scaled to size 18.66588pt on input line 180.
LaTeX Font Info:    Font shape `T1/phv/m/n' will be
(Font)              scaled to size 22.39185pt on input line 180.
LaTeX Font Info:    Font shape `T1/phv/b/n' will be
(Font)              scaled to size 22.39185pt on input line 180.
LaTeX Font Info:    Font shape `T1/phv/bc/n' will be
(Font)              scaled to size 22.39185pt on input line 180.
(./d0/d30/md_README.tex
LaTeX Font Info:    Font shape `T1/phv/b/n' will be
(Font)              scaled to size 12.9599pt on input line 1.
LaTeX Font Info:    Trying to load font information for T1+pcr on input line 4.


(/usr/share/texlive/texmf-dist/tex/latex/psnfss/t1pcr.fd
File: t1pcr.fd 2001/06/04 font definitions for T1/pcr.
)
LaTeX Font Info:    Trying to load font information for TS1+phv on input line 1
9.

(/usr/share/texlive/texmf-dist/tex/latex/psnfss/ts1phv.fd
File: ts1phv.fd 2001/06/04 scalable font definitions for TS1/phv.
)
LaTeX Font Info:    Font shape `TS1/phv/m/n' will be
(Font)              scaled to size 8.99994pt on input line 19.
) [1


] [2

]
Chapter 2.
(./annotated.tex) [3] [4

]
Chapter 3.
(./files.tex [5] [6]) [7] [8

]
Chapter 4.
(./da/d1f/structbackcmd.tex
LaTeX Font Info:    Font shape `T1/phv/b/n' will be
(Font)              scaled to size 10.79993pt on input line 3.
LaTeX Font Info:    Font shape `T1/phv/m/n' will be
(Font)              scaled to size 7.19995pt on input line 24.
) (./d9/dd0/structbuf.tex [9] [10] [11])
(./d5/db7/structcmd.tex) (./d7/dfe/structcontext.tex [12] [13])
(./db/d62/structcpu.tex [14] [15]) (./de/d6a/structdevsw.tex [16])
(./db/dfa/structdinode.tex [17]) (./d5/de2/structdirent.tex [18])
(./d7/da8/structelfhdr.tex [19] [20] [21]) (./dd/db7/structexeccmd.tex [22])
(./d7/d3a/structfile.tex [23]
Overfull \vbox (10.18146pt too high) has occurred while \output is active []


[24] [25]) (./d8/dd3/structgatedesc.tex [26] [27]) (./d3/d5d/unionheader.tex
[28]) (./d0/df8/structinode.tex [29] [30] [31]) (./d3/d9b/structioapic.tex
[32]) (./dc/dd9/structkmap.tex [33]) (./d8/d63/structlistcmd.tex [34])
(./d0/d4a/structlog.tex [35] [36]) (./d4/d6c/structlogheader.tex [37])
(./d8/d11/structmp.tex [38] [39]) (./d8/d01/structmpconf.tex [40] [41] [42])
(./d6/d9b/structmpioapic.tex [43]) (./d4/d22/structmpproc.tex [44] [45])
(./d8/d53/structpipe.tex [46]) (./d6/d94/structpipecmd.tex [47])
(./de/d48/structproc.tex [48] [49] [50] [51]) (./de/d4f/structproghdr.tex
[52] [53]) (./d8/dac/structredircmd.tex [54]) (./d3/de7/structrtcdate.tex
[55] [56]) (./d0/d60/structrun.tex [57]) (./d8/d3e/structsegdesc.tex [58]
[59] [60]) (./d9/dd0/structsleeplock.tex [61]) (./d1/d08/structspinlock.tex
[62]) (./da/de7/structstat.tex [63] [64]) (./df/d3d/structsuperblock.tex
[65] [66]) (./dc/dd1/structtaskstate.tex [67] [68] [69] [70] [71] [72] [73])
(./df/d05/structtrapframe.tex [74] [75] [76] [77] [78])
(./d3/d1f/structuproc.tex [79]) [80]
Chapter 5.
(./de/d21/asm_8h.tex
LaTeX Font Info:    Font shape `T1/pcr/m/it' in size <8> not available
(Font)              Font shape `T1/pcr/m/sl' tried instead on input line 23.
 [81

]) (./de/d21/asm_8h_source.tex) (./dc/de6/bio_8c.tex
Underfull \hbox (badness 10000) in paragraph at lines 3--10

 []

[82] [83] [84]) (./dc/de6/bio_8c_source.tex [85] [86]) (./d1/d7e/bio_8d.tex)
(./d1/d7e/bio_8d_source.tex [87]) (./d7/d42/bootasm_8d.tex)
(./d7/d42/bootasm_8d_source.tex) (./d5/dfc/bootmain_8c.tex
Underfull \hbox (badness 10000) in paragraph at lines 3--7

 []

[88] [89]) (./d5/dfc/bootmain_8c_source.tex [90]) (./d4/d15/bootmain_8d.tex)
(./d4/d15/bootmain_8d_source.tex) (./d6/d6d/buf_8h.tex [91])
(./d6/d6d/buf_8h_source.tex) (./d1/d8f/cat_8c.tex
Underfull \hbox (badness 10000) in paragraph at lines 3--6

 []

[92] [93]) (./d1/d8f/cat_8c_source.tex [94]) (./d4/d9b/cat_8d.tex)
(./d4/d9b/cat_8d_source.tex) (./d0/d56/console_8c.tex
Underfull \hbox (badness 10000) in paragraph at lines 3--15

 []

[95]
LaTeX Font Info:    Trying to load font information for TS1+pcr on input line 8
9.
 (/usr/share/texlive/texmf-dist/tex/latex/psnfss/ts1pcr.fd
File: ts1pcr.fd 2001/06/04 font definitions for TS1/pcr.
) [96] [97]
[98] [99] [100]
Underfull \hbox (badness 1389) in paragraph at lines 463--464
[]\T1/phv/m/n/10 , [], [], [], [], [], [], [], [], [],
 []

[101] [102]) (./d0/d56/console_8c_source.tex [103] [104] [105] [106])
(./d7/d52/console_8d.tex) (./d7/d52/console_8d_source.tex)
(./db/d96/date_8h.tex) (./db/d96/date_8h_source.tex) (./d5/d64/defs_8h.tex
[107] [108] [109] [110]
Underfull \hbox (badness 870) in paragraph at lines 324--325
[]\T1/phv/m/n/10 Referenced by [], [], [], [], [], [], [], [],
 []

[111]
Underfull \hbox (badness 1742) in paragraph at lines 417--418
[]\T1/phv/m/n/10 Referenced by [], [], [], [], [], [], [], [],
 []

[112] [113] [114] [115] [116] [117] [118] [119] [120] [121] [122] [123]
[124] [125] [126]
Underfull \hbox (badness 816) in paragraph at lines 1719--1720
[]\T1/phv/m/n/10 , [], [], [], [], [], [], [], [], [], and
 []

[127] [128] [129] [130] [131] [132] [133] [134] [135] [136] [137] [138]
[139] [140] [141] [142] [143] [144] [145] [146] [147] [148] [149]
Underfull \hbox (badness 870) in paragraph at lines 3557--3558
[]\T1/phv/m/n/10 Referenced by [], [], [], [], [], [], [], [],
 []

[150] [151] [152] [153] [154] [155] [156] [157] [158]
Underfull \hbox (badness 1264) in paragraph at lines 4277--4278
[]\T1/phv/m/n/10 , [], [], [], [], [], [], [], [], [], and
 []

[159] [160]) (./d5/d64/defs_8h_source.tex [161] [162] [163])
(./da/daf/echo_8c.tex
Underfull \hbox (badness 10000) in paragraph at lines 3--6

 []

) (./da/daf/echo_8c_source.tex [164]) (./d1/d6a/echo_8d.tex)
(./d1/d6a/echo_8d_source.tex) (./d1/d9e/elf_8h.tex [165])
(./d1/d9e/elf_8h_source.tex) (./dc/db8/entryother_8d.tex [166])
(./dc/db8/entryother_8d_source.tex) (./df/dc9/exec_8c.tex
Underfull \hbox (badness 10000) in paragraph at lines 3--11

 []

[167] [168]) (./df/dc9/exec_8c_source.tex [169]) (./d2/db4/exec_8d.tex)
(./d2/db4/exec_8d_source.tex) (./d1/d85/exit_8c.tex
Underfull \hbox (badness 10000) in paragraph at lines 3--6

 []

[170]) (./d1/d85/exit_8c_source.tex) (./d9/d1e/exit_8d.tex)
(./d9/d1e/exit_8d_source.tex) (./d7/d9f/fcntl_8h.tex [171])
(./d7/d9f/fcntl_8h_source.tex) (./d6/d13/file_8c.tex
Underfull \hbox (badness 10000) in paragraph at lines 3--10

 []

[172] [173] [174] [175] [176]) (./d6/d13/file_8c_source.tex [177] [178])
(./d8/d01/file_8d.tex) (./d8/d01/file_8d_source.tex) (./d2/d4d/file_8h.tex)
(./d2/d4d/file_8h_source.tex [179]) (./d0/d87/foo_8c.tex
Underfull \hbox (badness 10000) in paragraph at lines 3--7

 []

[180]) (./d0/d87/foo_8c_source.tex [181]) (./d8/dfd/foo_8d.tex)
(./d8/dfd/foo_8d_source.tex) (./d5/de1/forktest_8c.tex
Underfull \hbox (badness 10000) in paragraph at lines 3--6

 []

[182]
Underfull \hbox (badness 1681) in paragraph at lines 123--124
[]\T1/phv/m/n/10 Referenced by [], [], [], [], [], [], [], [], [],
 []

[183]) (./d5/de1/forktest_8c_source.tex) (./d4/d34/forktest_8d.tex)
(./d4/d34/forktest_8d_source.tex [184]) (./d2/d5a/fs_8c.tex
Underfull \hbox (badness 10000) in paragraph at lines 3--14

 []

[185] [186] [187] [188] [189] [190] [191] [192] [193] [194] [195] [196]
[197]) (./d2/d5a/fs_8c_source.tex [198] [199] [200] [201] [202] [203] [204]
[205]) (./d8/d50/fs_8d.tex) (./d8/d50/fs_8d_source.tex) (./df/d26/fs_8h.tex
[206] [207]) (./df/d26/fs_8h_source.tex [208]) (./d5/dcb/grep_8c.tex
Underfull \hbox (badness 10000) in paragraph at lines 3--6

 []

[209] [210] [211]) (./d5/dcb/grep_8c_source.tex [212]) (./df/d5e/grep_8d.tex)
(./df/d5e/grep_8d_source.tex) (./d9/d2f/ide_8c.tex [213]
Underfull \hbox (badness 10000) in paragraph at lines 3--15

 []

[214] [215] [216] [217] [218]) (./d9/d2f/ide_8c_source.tex [219] [220])
(./d5/dca/ide_8d.tex) (./d5/dca/ide_8d_source.tex) (./d8/d60/init_8c.tex
Underfull \hbox (badness 10000) in paragraph at lines 3--7

 []

[221]) (./d8/d60/init_8c_source.tex [222]) (./d6/d70/init_8d.tex)
(./d6/d70/init_8d_source.tex) (./dd/d5b/initcode_8d.tex)
(./dd/d5b/initcode_8d_source.tex) (./dd/d61/ioapic_8c.tex
Underfull \hbox (badness 10000) in paragraph at lines 3--6

 []

[223] [224] [225]) (./dd/d61/ioapic_8c_source.tex [226] [227])
(./d2/d0d/ioapic_8d.tex) (./d2/d0d/ioapic_8d_source.tex)
(./d4/def/kalloc_8c.tex
Underfull \hbox (badness 10000) in paragraph at lines 3--9

 []

[228] [229] [230]) (./d4/def/kalloc_8c_source.tex [231])
(./d0/dd0/kalloc_8d.tex) (./d0/dd0/kalloc_8d_source.tex) (./dc/da9/kbd_8c.tex
Underfull \hbox (badness 10000) in paragraph at lines 3--7

 []

[232]) (./dc/da9/kbd_8c_source.tex [233]) (./dd/d26/kbd_8d.tex)
(./dd/d26/kbd_8d_source.tex) (./d7/df4/kbd_8h.tex [234] [235] [236] [237]
[238] [239] [240]) (./d7/df4/kbd_8h_source.tex [241]) (./d2/d1d/kill_8c.tex
Underfull \hbox (badness 10000) in paragraph at lines 3--6

 []

[242]) (./d2/d1d/kill_8c_source.tex) (./dd/dd6/kill_8d.tex)
(./dd/dd6/kill_8d_source.tex) (./dc/df6/lapic_8c.tex
Underfull \hbox (badness 10000) in paragraph at lines 3--11

 []

[243] [244] [245] [246] [247] [248] [249] [250] [251] [252] [253] [254]
[255]) (./dc/df6/lapic_8c_source.tex [256] [257]) (./dd/d9c/lapic_8d.tex)
(./dd/d9c/lapic_8d_source.tex [258]) (./d0/d37/ln_8c.tex
Underfull \hbox (badness 10000) in paragraph at lines 3--6

 []

) (./d0/d37/ln_8c_source.tex) (./db/d02/ln_8d.tex) (./db/d02/ln_8d_source.tex
[259]) (./d7/df8/log_8c.tex
Underfull \hbox (badness 10000) in paragraph at lines 3--10

 []

[260] [261] [262] [263]) (./d7/df8/log_8c_source.tex [264] [265] [266])
(./df/dda/log_8d.tex) (./df/dda/log_8d_source.tex) (./de/d77/ls_8c.tex
Underfull \hbox (badness 10000) in paragraph at lines 3--7

 []

[267] [268]) (./de/d77/ls_8c_source.tex [269]) (./dd/d40/ls_8d.tex)
(./dd/d40/ls_8d_source.tex [270]) (./d0/d29/main_8c.tex
Underfull \hbox (badness 10000) in paragraph at lines 3--10

 []

[271] [272]) (./d0/d29/main_8c_source.tex [273]) (./d9/d60/main_8d.tex)
(./d9/d60/main_8d_source.tex [274]) (./da/d9b/memide_8c.tex
Underfull \hbox (badness 10000) in paragraph at lines 3--14

 []

[275] [276]) (./da/d9b/memide_8c_source.tex [277]) (./d8/da9/memlayout_8h.tex
[278]) (./d8/da9/memlayout_8h_source.tex [279]) (./db/d1f/mkdir_8c.tex
Underfull \hbox (badness 10000) in paragraph at lines 3--6

 []

) (./db/d1f/mkdir_8c_source.tex [280]) (./d5/dba/mkdir_8d.tex)
(./d5/dba/mkdir_8d_source.tex) (./d7/d1f/mkfs_8c.tex
Underfull \hbox (badness 10000) in paragraph at lines 3--13

 []

[281] [282] [283] [284] [285] [286] [287] [288]) (./d7/d1f/mkfs_8c_source.tex
[289] [290] [291] [292]) (./d2/df1/mmu_8h.tex [293] [294] [295] [296] [297]
[298] [299] [300]) (./d2/df1/mmu_8h_source.tex [301] [302]) (./dd/d06/mp_8c.tex

Underfull \hbox (badness 10000) in paragraph at lines 3--11

 []

[303] [304] [305]) (./dd/d06/mp_8c_source.tex [306] [307]) (./df/d9e/mp_8d.tex)
(./df/d9e/mp_8d_source.tex) (./dc/d0c/mp_8h.tex [308] [309])
(./dc/d0c/mp_8h_source.tex [310]) (./d0/d26/nice_8c.tex
Underfull \hbox (badness 10000) in paragraph at lines 3--7

 []

) (./d0/d26/nice_8c_source.tex [311]) (./d1/d3e/nice_8d.tex)
(./d1/d3e/nice_8d_source.tex) (./d5/d33/param_8h.tex [312] [313])
(./d5/d33/param_8h_source.tex [314]) (./d5/da8/picirq_8c.tex
Underfull \hbox (badness 10000) in paragraph at lines 3--6

 []

[315]) (./d5/da8/picirq_8c_source.tex) (./dc/dee/picirq_8d.tex)
(./dc/dee/picirq_8d_source.tex) (./d1/d47/pipe_8c.tex
Underfull \hbox (badness 10000) in paragraph at lines 3--12

 []

[316] [317] [318]) (./d1/d47/pipe_8c_source.tex [319] [320])
(./db/dfc/pipe_8d.tex) (./db/dfc/pipe_8d_source.tex) (./d1/d3d/printf_8c.tex
Underfull \hbox (badness 10000) in paragraph at lines 3--6

 []

[321] [322]) (./d1/d3d/printf_8c_source.tex [323]) (./d4/d8e/printf_8d.tex)
(./d4/d8e/printf_8d_source.tex) (./d3/dda/proc_8c.tex
Underfull \hbox (badness 10000) in paragraph at lines 3--11

 []

[324] [325] [326] [327]
Underfull \hbox (badness 816) in paragraph at lines 339--340
[]\T1/phv/m/n/10 , [], [], [], [], [], [], [], [], [], and
 []

[328] [329] [330] [331] [332] [333]
Underfull \hbox (badness 1264) in paragraph at lines 818--819
[]\T1/phv/m/n/10 , [], [], [], [], [], [], [], [], [], and
 []

[334] [335]) (./d3/dda/proc_8c_source.tex [336] [337] [338] [339] [340]
[341] [342]) (./d5/d52/proc_8d.tex) (./d5/d52/proc_8d_source.tex)
(./df/d03/proc_8h.tex [343]) (./df/d03/proc_8h_source.tex [344])
(./db/d3a/ps_8c.tex
Underfull \hbox (badness 10000) in paragraph at lines 3--7

 []

) (./db/d3a/ps_8c_source.tex [345]) (./da/dea/ps_8d.tex)
(./da/dea/ps_8d_source.tex) (./d3/d16/pstree_8c.tex
Underfull \hbox (badness 10000) in paragraph at lines 3--7

 []

[346]) (./d3/d16/pstree_8c_source.tex [347]) (./d9/db3/pstree_8d.tex)
(./d9/db3/pstree_8d_source.tex) (./da/ddd/README_8md.tex) (./dc/d14/rm_8c.tex
Underfull \hbox (badness 10000) in paragraph at lines 3--6

 []

[348]) (./dc/d14/rm_8c_source.tex) (./d0/d38/rm_8d.tex)
(./d0/d38/rm_8d_source.tex) (./dd/da3/sh_8c.tex
Underfull \hbox (badness 10000) in paragraph at lines 3--6

 []

[349] [350] [351] [352] [353] [354] [355] [356] [357] [358] [359])
(./dd/da3/sh_8c_source.tex [360] [361] [362] [363] [364] [365])
(./df/dfc/sh_8d.tex) (./df/dfc/sh_8d_source.tex) (./d3/db2/shutdown_8c.tex
Underfull \hbox (badness 10000) in paragraph at lines 3--6

 []

[366]) (./d3/db2/shutdown_8c_source.tex) (./df/d95/shutdown_8d.tex)
(./df/d95/shutdown_8d_source.tex) (./d8/dd1/sleeplock_8c.tex
Underfull \hbox (badness 10000) in paragraph at lines 3--12

 []

[367] [368]) (./d8/dd1/sleeplock_8c_source.tex [369])
(./da/d80/sleeplock_8d.tex) (./da/d80/sleeplock_8d_source.tex)
(./d0/d74/sleeplock_8h.tex) (./d0/d74/sleeplock_8h_source.tex)
(./d3/d2d/spinlock_8c.tex
Underfull \hbox (badness 10000) in paragraph at lines 3--11

 []

[370]
Underfull \hbox (badness 870) in paragraph at lines 65--66
[]\T1/phv/m/n/10 Referenced by [], [], [], [], [], [], [], [],
 []

[371] [372]
Underfull \hbox (badness 870) in paragraph at lines 237--238
[]\T1/phv/m/n/10 Referenced by [], [], [], [], [], [], [], [],
 []

) (./d3/d2d/spinlock_8c_source.tex [373] [374]) (./d1/da0/spinlock_8d.tex)
(./d1/da0/spinlock_8d_source.tex) (./df/d63/spinlock_8h.tex)
(./df/d63/spinlock_8h_source.tex) (./d2/d1b/stat_8h.tex [375])
(./d2/d1b/stat_8h_source.tex) (./d4/dbf/stressfs_8c.tex
Underfull \hbox (badness 10000) in paragraph at lines 3--8

 []

[376]) (./d4/dbf/stressfs_8c_source.tex [377]) (./de/d84/stressfs_8d.tex)
(./de/d84/stressfs_8d_source.tex) (./d1/db0/string_8c.tex
Underfull \hbox (badness 10000) in paragraph at lines 3--5

 []

[378] [379] [380]) (./d1/db0/string_8c_source.tex [381] [382])
(./d7/d5e/string_8d.tex) (./d7/d5e/string_8d_source.tex)
(./db/dd8/syscall_8c.tex
Underfull \hbox (badness 10000) in paragraph at lines 3--11

 []

[383]
Underfull \hbox (badness 1742) in paragraph at lines 103--104
[]\T1/phv/m/n/10 Referenced by [], [], [], [], [], [], [], [],
 []

[384] [385] [386] [387] [388] [389] [390] [391] [392] [393] [394] [395])
(./db/dd8/syscall_8c_source.tex [396] [397]) (./d5/d44/syscall_8d.tex)
(./d5/d44/syscall_8d_source.tex) (./de/ddf/syscall_8h.tex [398] [399] [400]
[401] [402]) (./de/ddf/syscall_8h_source.tex) (./d1/d14/sysfile_8c.tex
Underfull \hbox (badness 10000) in paragraph at lines 3--14

 []

[403] [404] [405] [406] [407] [408] [409] [410] [411])
(./d1/d14/sysfile_8c_source.tex [412] [413] [414] [415] [416])
(./de/d3f/sysfile_8d.tex) (./de/d3f/sysfile_8d_source.tex)
(./dd/d35/sysproc_8c.tex
Underfull \hbox (badness 10000) in paragraph at lines 3--13

 []

[417] [418] [419] [420] [421]) (./dd/d35/sysproc_8c_source.tex [422] [423])
(./d0/dd3/sysproc_8d.tex) (./d0/dd3/sysproc_8d_source.tex)
(./dc/d6f/trap_8c.tex
Underfull \hbox (badness 10000) in paragraph at lines 3--12

 []

[424] [425] [426]) (./dc/d6f/trap_8c_source.tex [427] [428])
(./de/d05/trap_8d.tex) (./de/d05/trap_8d_source.tex) (./d5/d98/traps_8h.tex
[429] [430] [431] [432] [433]) (./d5/d98/traps_8h_source.tex [434])
(./d9/d49/types_8h.tex [435]) (./d9/d49/types_8h_source.tex)
(./d1/d87/uart_8c.tex
Underfull \hbox (badness 10000) in paragraph at lines 3--14

 []

[436] [437] [438]) (./d1/d87/uart_8c_source.tex [439]) (./d3/de3/uart_8d.tex)
(./d3/de3/uart_8d_source.tex) (./db/d8a/ulib_8c.tex
Underfull \hbox (badness 10000) in paragraph at lines 3--8

 []

[440] [441] [442]) (./db/d8a/ulib_8c_source.tex [443] [444])
(./d8/d0c/ulib_8d.tex) (./d8/d0c/ulib_8d_source.tex) (./df/d5d/umalloc_8c.tex
Underfull \hbox (badness 10000) in paragraph at lines 3--7

 []

[445] [446] [447]) (./df/d5d/umalloc_8c_source.tex [448])
(./de/dd3/umalloc_8d.tex) (./de/dd3/umalloc_8d_source.tex)
(./d0/d1f/uproc_8h.tex) (./d0/d1f/uproc_8h_source.tex) (./d8/ddb/user_8h.tex
[449] [450] [451] [452] [453] [454] [455] [456] [457]
Underfull \hbox (badness 783) in paragraph at lines 689--690
[]\T1/phv/m/n/10 Referenced by [], [], [], [], [], [], [], [],
 []

[458]
Underfull \hbox (badness 1681) in paragraph at lines 716--717
[]\T1/phv/m/n/10 Referenced by [], [], [], [], [], [], [], [], [],
 []

[459] [460] [461]) (./d8/ddb/user_8h_source.tex [462])
(./de/dc0/usertests_8c.tex
Underfull \hbox (badness 10000) in paragraph at lines 3--12

 []

[463] [464] [465] [466] [467] [468] [469] [470] [471] [472] [473] [474]
[475] [476] [477] [478] [479] [480] [481] [482] [483] [484] [485] [486]
[487] [488] [489] [490] [491] [492]) (./de/dc0/usertests_8c_source.tex [493]
[494] [495] [496] [497] [498] [499] [500] [501] [502] [503] [504] [505]
[506] [507] [508] [509] [510] [511] [512] [513]) (./d7/d62/usertests_8d.tex)
(./d7/d62/usertests_8d_source.tex) (./de/de9/vm_8c.tex
Underfull \hbox (badness 10000) in paragraph at lines 3--11

 []

[514] [515] [516] [517] [518] [519] [520] [521] [522])
(./de/de9/vm_8c_source.tex [523] [524] [525] [526]) (./d2/dea/vm_8d.tex)
(./d2/dea/vm_8d_source.tex [527]) (./d3/d7a/wc_8c.tex
Underfull \hbox (badness 10000) in paragraph at lines 3--6

 []

[528]) (./d3/d7a/wc_8c_source.tex [529]) (./d6/ddf/wc_8d.tex)
(./d6/ddf/wc_8d_source.tex) (./d5/d39/x86_8h.tex [530] [531] [532] [533]
[534]) (./d5/d39/x86_8h_source.tex [535] [536] [537]) (./da/d8c/xv6_8dox.tex)
(./dd/da4/zombie_8c.tex
Underfull \hbox (badness 10000) in paragraph at lines 3--6

 []

) (./dd/da4/zombie_8c_source.tex) (./df/d56/zombie_8d.tex)
(./df/d56/zombie_8d_source.tex [538]) [539] [540

] (./refman.ind [541


] [542]
[543] [544] [545] [546] [547] [548] [549] [550] [551] [552] [553] [554]
[555] [556] [557] [558] [559] [560] [561] [562] [563] [564] [565] [566]
[567] [568] [569])
Package atveryend Info: Empty hook `BeforeClearDocument' on input line 495.
Package atveryend Info: Empty hook `AfterLastShipout' on input line 495.
 (./refman.aux)
Package atveryend Info: Executing hook `AtVeryEndDocument' on input line 495.
Package atveryend Info: Executing hook `AtEndAfterFileList' on input line 495.
Package rerunfilecheck Info: File `refman.out' has not changed.
(rerunfilecheck)             Checksum: 1FC196988A1213619D58B6D9E2BFBC6D;285245.

 ) 
Here is how much of TeX's memory you used:
 34701 strings out of 483065
 667906 string characters out of 5963549
 943882 words of memory out of 5000000
 34925 multiletter control sequences out of 15000+600000
 580301 words of font info for 87 fonts, out of 8000000 for 9000
 81 hyphenation exceptions out of 8191
 55i,16n,96p,2805b,1697s stack positions out of 5000i,500n,10000p,200000b,80000s
{/usr/share/texlive/texmf-dist/fonts/enc/dvips/base/8r.enc}</usr/share/texliv
e/texmf-dist/fonts/type1/public/amsfonts/cm/cmmi10.pfb></usr/share/texlive/texm
f-dist/fonts/type1/public/amsfonts/cm/cmmi8.pfb></usr/share/texlive/texmf-dist/
fonts/type1/public/amsfonts/cm/cmsy10.pfb></usr/share/texlive/texmf-dist/fonts/
type1/public/amsfonts/cm/cmsy7.pfb></usr/share/texlive/texmf-dist/fonts/type1/p
ublic/amsfonts/cm/cmsy8.pfb></usr/share/texlive/texmf-dist/fonts/type1/urw/cour
ier/ucrr8a.pfb></usr/share/texlive/texmf-dist/fonts/type1/urw/courier/ucrro8a.p
fb></usr/share/texlive/texmf-dist/fonts/type1/urw/helvetic/uhvb8a.pfb></usr/sha
re/texlive/texmf-dist/fonts/type1/urw/helvetic/uhvb8ac.pfb></usr/share/texlive/
texmf-dist/fonts/type1/urw/helvetic/uhvr8a.pfb>
Output written on refman.pdf (611 pages, 2423971 bytes).
PDF statistics:
 51681 PDF objects out of 55141 (max. 8388607)
 50552 compressed objects within 506 object streams
 13645 named destinations out of 15390 (max. 500000)
 13225 words of extra memory for PDF output out of 14400 (max. 10000000)

